2021-01-31 15:37:45 [httpLog] {"method":"GET","url":"/","data":{},"startTime":"2021-01-31 15:37:45","endTime":"2021-01-31 15:37:45","timeLength":1}
2021-01-31 18:34:48 [httpLog] {"method":"POST","url":"/api/user/register","data":{"username":"test1","password":"1222"},"startTime":"2021-01-31 18:34:48","endTime":"2021-01-31 18:34:48","timeLength":75}
2021-01-31 18:37:40 [httpLog] {"method":"POST","url":"/api/user/register","data":{"username":"test1","password":"1222"},"startTime":"2021-01-31 18:37:40","endTime":"2021-01-31 18:37:40","timeLength":20}
2021-01-31 18:40:01 [httpLog] {"method":"POST","url":"/api/user/register","data":{"username":"test1","password":"1222"},"startTime":"2021-01-31 18:40:01","endTime":"2021-01-31 18:40:01","timeLength":25}
2021-01-31 18:40:48 [httpLog] {"method":"POST","url":"/api/user/register","data":{"username":"test1","password":"1222"},"startTime":"2021-01-31 18:40:48","endTime":"2021-01-31 18:40:48","timeLength":4}
2021-01-31 18:52:40 [httpLog] {"method":"POST","url":"/api/user/register","data":{"username":"test3","password":"1222"},"startTime":"2021-01-31 18:52:40","endTime":"2021-01-31 18:52:40","timeLength":20}
2021-01-31 18:58:43 [httpLog] {"method":"POST","url":"/api/user/login","data":{"username":"test3","password":"1222"},"startTime":"2021-01-31 18:58:43","endTime":"2021-01-31 18:58:43","timeLength":11}
2021-01-31 18:58:54 [httpLog] {"method":"POST","url":"/api/user/login","data":{"username":"test4","password":"1222"},"startTime":"2021-01-31 18:58:54","endTime":"2021-01-31 18:58:54","timeLength":6}
2021-01-31 19:03:18 [httpLog] {"method":"POST","url":"/api/user/login","data":{"username":"test4","password":"1222"},"startTime":"2021-01-31 19:03:18","endTime":"2021-01-31 19:03:18","timeLength":8}
2021-01-31 19:03:21 [httpLog] {"method":"POST","url":"/api/user/login","data":{"username":"test2","password":"1222"},"startTime":"2021-01-31 19:03:21","endTime":"2021-01-31 19:03:21","timeLength":2}
2021-01-31 19:03:25 [httpLog] {"method":"POST","url":"/api/user/login","data":{"username":"test3","password":"1222"},"startTime":"2021-01-31 19:03:25","endTime":"2021-01-31 19:03:25","timeLength":4}
2021-01-31 19:05:20 [httpLog] {"method":"POST","url":"/api/user/register","data":{"username":"admin","password":"1222"},"startTime":"2021-01-31 19:05:20","endTime":"2021-01-31 19:05:20","timeLength":27}
2021-01-31 21:08:06 [httpLog] {"method":"POST","url":"/api/user/login","data":{"username":"admin","password":"123"},"startTime":"2021-01-31 21:08:06","endTime":"2021-01-31 21:08:06","timeLength":29}
2021-01-31 21:08:45 [httpLog] {"method":"POST","url":"/api/user/login","data":{"username":"admin","password":"1222"},"startTime":"2021-01-31 21:08:45","endTime":"2021-01-31 21:08:45","timeLength":31}
2021-01-31 21:10:38 [httpLog] {"method":"POST","url":"/api/user/register","data":{"username":"admin2","password":"111","password2":"111"},"startTime":"2021-01-31 21:10:38","endTime":"2021-01-31 21:10:38","timeLength":49}
2021-01-31 21:10:46 [httpLog] {"method":"POST","url":"/api/user/login","data":{"username":"admin","password":"111"},"startTime":"2021-01-31 21:10:46","endTime":"2021-01-31 21:10:46","timeLength":1}
2021-01-31 21:10:50 [httpLog] {"method":"POST","url":"/api/user/login","data":{"username":"admin2","password":"111"},"startTime":"2021-01-31 21:10:50","endTime":"2021-01-31 21:10:50","timeLength":2}
2021-01-31 21:27:54 [httpLog] {"method":"POST","url":"/api/user/detail","data":{"id":10},"startTime":"2021-01-31 21:27:53","endTime":"2021-01-31 21:27:54","timeLength":77}
2021-01-31 21:28:38 [httpLog] {"method":"POST","url":"/api/user/detail","data":{"id":10},"startTime":"2021-01-31 21:28:38","endTime":"2021-01-31 21:28:38","timeLength":8}
2021-01-31 21:28:42 [httpLog] {"method":"POST","url":"/api/user/logout","data":{},"startTime":"2021-01-31 21:28:42","endTime":"2021-01-31 21:28:42","timeLength":0}
2021-01-31 21:38:56 [httpLog] {"method":"POST","url":"/api/user/login","data":{"username":"admin","password":"1222"},"startTime":"2021-01-31 21:38:56","endTime":"2021-01-31 21:38:56","timeLength":23}
2021-01-31 21:41:04 [httpLog] {"method":"POST","url":"/api/user/login","data":{"username":"admin","password":"1222"},"startTime":"2021-01-31 21:41:04","endTime":"2021-01-31 21:41:04","timeLength":18}
2021-01-31 21:41:04 [httpLog] {"method":"POST","url":"/api/user/detail","data":{"id":10},"startTime":"2021-01-31 21:41:04","endTime":"2021-01-31 21:41:04","timeLength":13}
